<?xml version="1.0" encoding="UTF-8"?>
<!-- Generated by org.testng.reporters.JUnitReportReporter -->
<testsuite hostname="LAPTOP-1RKAE8BP" failures="0" tests="1" name="Scipts.TestCase1" time="22.137" errors="0" timestamp="2023-10-11T20:35:37 IST" skipped="0">
  <testcase classname="Scipts.TestCase1" name="tc1" time="22.137"/>
  <system-out/>
</testsuite> <!-- Scipts.TestCase1 -->
