<?xml version="1.0" encoding="UTF-8"?>
<!-- Generated by org.testng.reporters.JUnitReportReporter -->
<testsuite hostname="LAPTOP-1RKAE8BP" failures="0" tests="1" name="Scipts.TestCase2" time="20.720" errors="0" timestamp="2023-10-11T21:14:20 IST" skipped="0">
  <testcase classname="Scipts.TestCase2" name="tc2" time="20.720"/>
  <system-out/>
</testsuite> <!-- Scipts.TestCase2 -->
